<?xml version="1.0" encoding="UTF-8"?>
<testng-results ignored="0" total="2" passed="2" failed="0" skipped="0">
  <reporter-output>
  </reporter-output>
  <suite started-at="2023-05-16T11:50:52 IST" name=" Sanity Suite" finished-at="2023-05-16T11:51:33 IST" duration-ms="40884">
    <groups>
    </groups>
    <test started-at="2023-05-16T11:50:52 IST" name="Google Test" finished-at="2023-05-16T11:51:12 IST" duration-ms="19962">
      <class name="a1_googleTest.A1_GoogleTest">
        <test-method signature="validateGoogle()[pri:0, instance:a1_googleTest.A1_GoogleTest@43195e57]" started-at="2023-05-16T11:50:52 IST" name="validateGoogle" finished-at="2023-05-16T11:51:12 IST" duration-ms="19824" status="PASS">
          <reporter-output>
          </reporter-output>
        </test-method> <!-- validateGoogle -->
      </class> <!-- a1_googleTest.A1_GoogleTest -->
    </test> <!-- Google Test -->
    <test started-at="2023-05-16T11:51:12 IST" name=" Bing Test" finished-at="2023-05-16T11:51:33 IST" duration-ms="20734">
      <class name="a2_bingTest.A2_BingTest">
        <test-method signature="validateBing()[pri:0, instance:a2_bingTest.A2_BingTest@79e2c065]" started-at="2023-05-16T11:51:12 IST" name="validateBing" finished-at="2023-05-16T11:51:33 IST" duration-ms="20716" status="PASS">
          <reporter-output>
          </reporter-output>
        </test-method> <!-- validateBing -->
      </class> <!-- a2_bingTest.A2_BingTest -->
    </test> <!--  Bing Test -->
  </suite> <!--  Sanity Suite -->
</testng-results>
